{"C:\\msys64\\home\\Bhanuja Sharma\\fintech finallllllllllllllllllllll\\fintech\\server\\ragServer.js": {"path":"C:\\msys64\\home\\Bhanuja Sharma\\fintech finallllllllllllllllllllll\\fintech\\server\\ragServer.js","statementMap":{"0":{"start":{"line":1,"column":13},"end":{"line":1,"column":28}},"1":{"start":{"line":2,"column":15},"end":{"line":2,"column":32}},"2":{"start":{"line":3,"column":16},"end":{"line":3,"column":34}},"3":{"start":{"line":4,"column":17},"end":{"line":4,"column":36}},"4":{"start":{"line":5,"column":24},"end":{"line":5,"column":42}},"5":{"start":{"line":6,"column":13},"end":{"line":6,"column":28}},"6":{"start":{"line":7,"column":17},"end":{"line":7,"column":45}},"7":{"start":{"line":9,"column":0},"end":{"line":9,"column":57}},"8":{"start":{"line":10,"column":0},"end":{"line":10,"column":16}},"9":{"start":{"line":12,"column":12},"end":{"line":12,"column":21}},"10":{"start":{"line":14,"column":0},"end":{"line":14,"column":16}},"11":{"start":{"line":15,"column":0},"end":{"line":15,"column":24}},"12":{"start":{"line":17,"column":13},"end":{"line":17,"column":45}},"13":{"start":{"line":18,"column":14},"end":{"line":18,"column":15}},"14":{"start":{"line":20,"column":20},"end":{"line":20,"column":43}},"15":{"start":{"line":21,"column":24},"end":{"line":21,"column":32}},"16":{"start":{"line":22,"column":27},"end":{"line":22,"column":38}},"17":{"start":{"line":23,"column":29},"end":{"line":23,"column":43}},"18":{"start":{"line":24,"column":28},"end":{"line":24,"column":74}},"19":{"start":{"line":26,"column":23},"end":{"line":26,"column":49}},"20":{"start":{"line":27,"column":31},"end":{"line":27,"column":46}},"21":{"start":{"line":29,"column":20},"end":{"line":29,"column":43}},"22":{"start":{"line":35,"column":1},"end":{"line":37,"column":2}},"23":{"start":{"line":36,"column":2},"end":{"line":36,"column":68}},"24":{"start":{"line":41,"column":1},"end":{"line":41,"column":39}},"25":{"start":{"line":43,"column":1},"end":{"line":45,"column":2}},"26":{"start":{"line":44,"column":2},"end":{"line":44,"column":9}},"27":{"start":{"line":47,"column":1},"end":{"line":57,"column":2}},"28":{"start":{"line":48,"column":2},"end":{"line":48,"column":45}},"29":{"start":{"line":49,"column":2},"end":{"line":49,"column":30}},"30":{"start":{"line":50,"column":2},"end":{"line":50,"column":44}},"31":{"start":{"line":51,"column":2},"end":{"line":51,"column":38}},"32":{"start":{"line":53,"column":2},"end":{"line":53,"column":26}},"33":{"start":{"line":54,"column":2},"end":{"line":54,"column":22}},"34":{"start":{"line":55,"column":2},"end":{"line":55,"column":66}},"35":{"start":{"line":56,"column":2},"end":{"line":56,"column":14}},"36":{"start":{"line":61,"column":1},"end":{"line":61,"column":39}},"37":{"start":{"line":63,"column":1},"end":{"line":65,"column":2}},"38":{"start":{"line":64,"column":2},"end":{"line":64,"column":9}},"39":{"start":{"line":67,"column":1},"end":{"line":69,"column":4}},"40":{"start":{"line":73,"column":1},"end":{"line":75,"column":2}},"41":{"start":{"line":74,"column":2},"end":{"line":74,"column":60}},"42":{"start":{"line":77,"column":1},"end":{"line":77,"column":47}},"43":{"start":{"line":81,"column":1},"end":{"line":81,"column":45}},"44":{"start":{"line":83,"column":18},"end":{"line":93,"column":3}},"45":{"start":{"line":95,"column":1},"end":{"line":98,"column":2}},"46":{"start":{"line":96,"column":20},"end":{"line":96,"column":41}},"47":{"start":{"line":97,"column":2},"end":{"line":97,"column":86}},"48":{"start":{"line":100,"column":17},"end":{"line":100,"column":38}},"49":{"start":{"line":101,"column":19},"end":{"line":101,"column":48}},"50":{"start":{"line":103,"column":1},"end":{"line":105,"column":2}},"51":{"start":{"line":104,"column":2},"end":{"line":104,"column":71}},"52":{"start":{"line":107,"column":1},"end":{"line":107,"column":18}},"53":{"start":{"line":111,"column":20},"end":{"line":111,"column":35}},"54":{"start":{"line":113,"column":18},"end":{"line":134,"column":2}},"55":{"start":{"line":136,"column":1},"end":{"line":136,"column":49}},"56":{"start":{"line":140,"column":1},"end":{"line":142,"column":2}},"57":{"start":{"line":141,"column":2},"end":{"line":141,"column":12}},"58":{"start":{"line":144,"column":1},"end":{"line":146,"column":2}},"59":{"start":{"line":145,"column":2},"end":{"line":145,"column":15}},"60":{"start":{"line":148,"column":1},"end":{"line":148,"column":30}},"61":{"start":{"line":152,"column":20},"end":{"line":152,"column":86}},"62":{"start":{"line":154,"column":1},"end":{"line":159,"column":2}},"63":{"start":{"line":155,"column":17},"end":{"line":155,"column":52}},"64":{"start":{"line":156,"column":2},"end":{"line":158,"column":3}},"65":{"start":{"line":157,"column":3},"end":{"line":157,"column":17}},"66":{"start":{"line":161,"column":1},"end":{"line":161,"column":11}},"67":{"start":{"line":165,"column":1},"end":{"line":167,"column":2}},"68":{"start":{"line":166,"column":2},"end":{"line":166,"column":24}},"69":{"start":{"line":169,"column":1},"end":{"line":184,"column":2}},"70":{"start":{"line":170,"column":2},"end":{"line":183,"column":11}},"71":{"start":{"line":172,"column":4},"end":{"line":174,"column":5}},"72":{"start":{"line":173,"column":5},"end":{"line":173,"column":17}},"73":{"start":{"line":176,"column":4},"end":{"line":178,"column":5}},"74":{"start":{"line":177,"column":5},"end":{"line":177,"column":22}},"75":{"start":{"line":180,"column":4},"end":{"line":180,"column":14}},"76":{"start":{"line":186,"column":1},"end":{"line":186,"column":11}},"77":{"start":{"line":190,"column":1},"end":{"line":190,"column":39}},"78":{"start":{"line":192,"column":23},"end":{"line":202,"column":3}},"79":{"start":{"line":193,"column":2},"end":{"line":195,"column":3}},"80":{"start":{"line":194,"column":3},"end":{"line":194,"column":19}},"81":{"start":{"line":197,"column":2},"end":{"line":199,"column":3}},"82":{"start":{"line":198,"column":3},"end":{"line":198,"column":22}},"83":{"start":{"line":201,"column":2},"end":{"line":201,"column":12}},"84":{"start":{"line":204,"column":17},"end":{"line":204,"column":43}},"85":{"start":{"line":206,"column":1},"end":{"line":206,"column":54}},"86":{"start":{"line":207,"column":1},"end":{"line":207,"column":48}},"87":{"start":{"line":209,"column":16},"end":{"line":222,"column":1}},"88":{"start":{"line":224,"column":18},"end":{"line":239,"column":2}},"89":{"start":{"line":241,"column":1},"end":{"line":244,"column":2}},"90":{"start":{"line":242,"column":20},"end":{"line":242,"column":41}},"91":{"start":{"line":243,"column":2},"end":{"line":243,"column":76}},"92":{"start":{"line":246,"column":22},"end":{"line":246,"column":43}},"93":{"start":{"line":247,"column":16},"end":{"line":247,"column":80}},"94":{"start":{"line":249,"column":1},"end":{"line":251,"column":2}},"95":{"start":{"line":250,"column":2},"end":{"line":250,"column":69}},"96":{"start":{"line":253,"column":1},"end":{"line":253,"column":15}},"97":{"start":{"line":258,"column":0},"end":{"line":262,"column":3}},"98":{"start":{"line":259,"column":1},"end":{"line":261,"column":4}},"99":{"start":{"line":264,"column":0},"end":{"line":279,"column":3}},"100":{"start":{"line":265,"column":1},"end":{"line":278,"column":2}},"101":{"start":{"line":266,"column":2},"end":{"line":266,"column":25}},"102":{"start":{"line":267,"column":21},"end":{"line":267,"column":36}},"103":{"start":{"line":268,"column":2},"end":{"line":268,"column":59}},"104":{"start":{"line":270,"column":2},"end":{"line":272,"column":5}},"105":{"start":{"line":274,"column":2},"end":{"line":277,"column":5}},"106":{"start":{"line":282,"column":0},"end":{"line":307,"column":3}},"107":{"start":{"line":283,"column":1},"end":{"line":306,"column":2}},"108":{"start":{"line":284,"column":2},"end":{"line":284,"column":25}},"109":{"start":{"line":285,"column":18},"end":{"line":285,"column":33}},"110":{"start":{"line":286,"column":17},"end":{"line":286,"column":37}},"111":{"start":{"line":288,"column":2},"end":{"line":288,"column":50}},"112":{"start":{"line":289,"column":2},"end":{"line":289,"column":49}},"113":{"start":{"line":290,"column":2},"end":{"line":290,"column":54}},"114":{"start":{"line":292,"column":2},"end":{"line":298,"column":5}},"115":{"start":{"line":300,"column":2},"end":{"line":300,"column":63}},"116":{"start":{"line":301,"column":2},"end":{"line":305,"column":5}},"117":{"start":{"line":310,"column":0},"end":{"line":361,"column":3}},"118":{"start":{"line":311,"column":1},"end":{"line":360,"column":2}},"119":{"start":{"line":312,"column":2},"end":{"line":312,"column":25}},"120":{"start":{"line":313,"column":21},"end":{"line":313,"column":36}},"121":{"start":{"line":315,"column":23},"end":{"line":340,"column":3}},"122":{"start":{"line":342,"column":17},"end":{"line":342,"column":58}},"123":{"start":{"line":344,"column":2},"end":{"line":344,"column":73}},"124":{"start":{"line":345,"column":2},"end":{"line":345,"column":51}},"125":{"start":{"line":347,"column":2},"end":{"line":352,"column":5}},"126":{"start":{"line":354,"column":2},"end":{"line":354,"column":65}},"127":{"start":{"line":355,"column":2},"end":{"line":359,"column":5}},"128":{"start":{"line":364,"column":0},"end":{"line":389,"column":3}},"129":{"start":{"line":365,"column":1},"end":{"line":388,"column":2}},"130":{"start":{"line":366,"column":2},"end":{"line":366,"column":25}},"131":{"start":{"line":367,"column":21},"end":{"line":367,"column":36}},"132":{"start":{"line":369,"column":18},"end":{"line":369,"column":53}},"133":{"start":{"line":371,"column":2},"end":{"line":371,"column":69}},"134":{"start":{"line":372,"column":2},"end":{"line":374,"column":5}},"135":{"start":{"line":373,"column":3},"end":{"line":373,"column":47}},"136":{"start":{"line":376,"column":2},"end":{"line":380,"column":5}},"137":{"start":{"line":382,"column":2},"end":{"line":382,"column":61}},"138":{"start":{"line":383,"column":2},"end":{"line":387,"column":5}},"139":{"start":{"line":392,"column":0},"end":{"line":414,"column":3}},"140":{"start":{"line":393,"column":1},"end":{"line":413,"column":2}},"141":{"start":{"line":394,"column":2},"end":{"line":394,"column":25}},"142":{"start":{"line":395,"column":21},"end":{"line":395,"column":36}},"143":{"start":{"line":397,"column":17},"end":{"line":397,"column":48}},"144":{"start":{"line":399,"column":2},"end":{"line":399,"column":58}},"145":{"start":{"line":401,"column":2},"end":{"line":405,"column":5}},"146":{"start":{"line":407,"column":2},"end":{"line":407,"column":62}},"147":{"start":{"line":408,"column":2},"end":{"line":412,"column":5}},"148":{"start":{"line":418,"column":0},"end":{"line":443,"column":3}},"149":{"start":{"line":419,"column":1},"end":{"line":442,"column":2}},"150":{"start":{"line":420,"column":15},"end":{"line":420,"column":37}},"151":{"start":{"line":421,"column":18},"end":{"line":421,"column":43}},"152":{"start":{"line":423,"column":2},"end":{"line":427,"column":3}},"153":{"start":{"line":424,"column":3},"end":{"line":426,"column":6}},"154":{"start":{"line":429,"column":2},"end":{"line":429,"column":35}},"155":{"start":{"line":430,"column":20},"end":{"line":430,"column":60}},"156":{"start":{"line":432,"column":2},"end":{"line":436,"column":5}},"157":{"start":{"line":438,"column":2},"end":{"line":441,"column":5}},"158":{"start":{"line":445,"column":0},"end":{"line":460,"column":3}},"159":{"start":{"line":446,"column":1},"end":{"line":459,"column":2}},"160":{"start":{"line":447,"column":2},"end":{"line":447,"column":35}},"161":{"start":{"line":448,"column":15},"end":{"line":448,"column":69}},"162":{"start":{"line":450,"column":2},"end":{"line":453,"column":5}},"163":{"start":{"line":455,"column":2},"end":{"line":458,"column":5}},"164":{"start":{"line":462,"column":0},"end":{"line":487,"column":3}},"165":{"start":{"line":463,"column":18},"end":{"line":463,"column":44}},"166":{"start":{"line":465,"column":1},"end":{"line":469,"column":2}},"167":{"start":{"line":466,"column":2},"end":{"line":468,"column":5}},"168":{"start":{"line":471,"column":1},"end":{"line":486,"column":2}},"169":{"start":{"line":472,"column":20},"end":{"line":472,"column":48}},"170":{"start":{"line":473,"column":20},"end":{"line":473,"column":49}},"171":{"start":{"line":474,"column":17},"end":{"line":474,"column":58}},"172":{"start":{"line":476,"column":2},"end":{"line":478,"column":5}},"173":{"start":{"line":480,"column":2},"end":{"line":480,"column":47}},"174":{"start":{"line":482,"column":2},"end":{"line":485,"column":5}},"175":{"start":{"line":489,"column":0},"end":{"line":491,"column":3}},"176":{"start":{"line":490,"column":1},"end":{"line":490,"column":28}},"177":{"start":{"line":494,"column":1},"end":{"line":499,"column":2}},"178":{"start":{"line":495,"column":2},"end":{"line":495,"column":28}},"179":{"start":{"line":496,"column":2},"end":{"line":496,"column":26}},"180":{"start":{"line":497,"column":2},"end":{"line":497,"column":22}},"181":{"start":{"line":498,"column":2},"end":{"line":498,"column":43}},"182":{"start":{"line":503,"column":1},"end":{"line":505,"column":2}},"183":{"start":{"line":504,"column":2},"end":{"line":504,"column":36}},"184":{"start":{"line":509,"column":1},"end":{"line":509,"column":60}},"185":{"start":{"line":511,"column":1},"end":{"line":516,"column":2}},"186":{"start":{"line":512,"column":2},"end":{"line":512,"column":34}},"187":{"start":{"line":513,"column":2},"end":{"line":513,"column":31}},"188":{"start":{"line":515,"column":2},"end":{"line":515,"column":18}},"189":{"start":{"line":519,"column":0},"end":{"line":521,"column":3}},"190":{"start":{"line":520,"column":1},"end":{"line":520,"column":25}},"191":{"start":{"line":523,"column":0},"end":{"line":525,"column":3}},"192":{"start":{"line":524,"column":1},"end":{"line":524,"column":26}},"193":{"start":{"line":528,"column":1},"end":{"line":533,"column":2}},"194":{"start":{"line":529,"column":2},"end":{"line":529,"column":25}},"195":{"start":{"line":531,"column":2},"end":{"line":531,"column":66}},"196":{"start":{"line":532,"column":2},"end":{"line":532,"column":65}},"197":{"start":{"line":536,"column":0},"end":{"line":541,"column":1}},"198":{"start":{"line":537,"column":1},"end":{"line":540,"column":4}},"199":{"start":{"line":538,"column":2},"end":{"line":538,"column":48}},"200":{"start":{"line":539,"column":2},"end":{"line":539,"column":36}},"201":{"start":{"line":543,"column":0},"end":{"line":543,"column":21}}},"fnMap":{"0":{"name":"ensureEnv","decl":{"start":{"line":34,"column":9},"end":{"line":34,"column":18}},"loc":{"start":{"line":34,"column":32},"end":{"line":38,"column":1}},"line":34},"1":{"name":"connectToMongo","decl":{"start":{"line":40,"column":15},"end":{"line":40,"column":29}},"loc":{"start":{"line":40,"column":32},"end":{"line":58,"column":1}},"line":40},"2":{"name":"ensureMongooseConnection","decl":{"start":{"line":60,"column":15},"end":{"line":60,"column":39}},"loc":{"start":{"line":60,"column":42},"end":{"line":70,"column":1}},"line":60},"3":{"name":"getCollection","decl":{"start":{"line":72,"column":9},"end":{"line":72,"column":22}},"loc":{"start":{"line":72,"column":25},"end":{"line":78,"column":1}},"line":72},"4":{"name":"getEmbedding","decl":{"start":{"line":80,"column":15},"end":{"line":80,"column":27}},"loc":{"start":{"line":80,"column":38},"end":{"line":108,"column":1}},"line":80},"5":{"name":"vectorSearch","decl":{"start":{"line":110,"column":15},"end":{"line":110,"column":27}},"loc":{"start":{"line":110,"column":39},"end":{"line":137,"column":1}},"line":110},"6":{"name":"stringifyContextValue","decl":{"start":{"line":139,"column":9},"end":{"line":139,"column":30}},"loc":{"start":{"line":139,"column":38},"end":{"line":149,"column":1}},"line":139},"7":{"name":"extractContextText","decl":{"start":{"line":151,"column":9},"end":{"line":151,"column":27}},"loc":{"start":{"line":151,"column":33},"end":{"line":162,"column":1}},"line":151},"8":{"name":"normalizeLlmContent","decl":{"start":{"line":164,"column":9},"end":{"line":164,"column":28}},"loc":{"start":{"line":164,"column":38},"end":{"line":187,"column":1}},"line":164},"9":{"name":"(anonymous_9)","decl":{"start":{"line":171,"column":8},"end":{"line":171,"column":9}},"loc":{"start":{"line":171,"column":18},"end":{"line":181,"column":4}},"line":171},"10":{"name":"generateAnswer","decl":{"start":{"line":189,"column":15},"end":{"line":189,"column":29}},"loc":{"start":{"line":189,"column":46},"end":{"line":254,"column":1}},"line":189},"11":{"name":"(anonymous_11)","decl":{"start":{"line":192,"column":32},"end":{"line":192,"column":33}},"loc":{"start":{"line":192,"column":41},"end":{"line":202,"column":2}},"line":192},"12":{"name":"(anonymous_12)","decl":{"start":{"line":258,"column":17},"end":{"line":258,"column":18}},"loc":{"start":{"line":258,"column":32},"end":{"line":262,"column":1}},"line":258},"13":{"name":"(anonymous_13)","decl":{"start":{"line":264,"column":20},"end":{"line":264,"column":21}},"loc":{"start":{"line":264,"column":41},"end":{"line":279,"column":1}},"line":264},"14":{"name":"(anonymous_14)","decl":{"start":{"line":282,"column":34},"end":{"line":282,"column":35}},"loc":{"start":{"line":282,"column":54},"end":{"line":307,"column":1}},"line":282},"15":{"name":"(anonymous_15)","decl":{"start":{"line":310,"column":36},"end":{"line":310,"column":37}},"loc":{"start":{"line":310,"column":56},"end":{"line":361,"column":1}},"line":310},"16":{"name":"(anonymous_16)","decl":{"start":{"line":364,"column":33},"end":{"line":364,"column":34}},"loc":{"start":{"line":364,"column":53},"end":{"line":389,"column":1}},"line":364},"17":{"name":"(anonymous_17)","decl":{"start":{"line":372,"column":18},"end":{"line":372,"column":19}},"loc":{"start":{"line":372,"column":37},"end":{"line":374,"column":3}},"line":372},"18":{"name":"(anonymous_18)","decl":{"start":{"line":392,"column":39},"end":{"line":392,"column":40}},"loc":{"start":{"line":392,"column":59},"end":{"line":414,"column":1}},"line":392},"19":{"name":"(anonymous_19)","decl":{"start":{"line":418,"column":22},"end":{"line":418,"column":23}},"loc":{"start":{"line":418,"column":42},"end":{"line":443,"column":1}},"line":418},"20":{"name":"(anonymous_20)","decl":{"start":{"line":445,"column":21},"end":{"line":445,"column":22}},"loc":{"start":{"line":445,"column":42},"end":{"line":460,"column":1}},"line":445},"21":{"name":"(anonymous_21)","decl":{"start":{"line":462,"column":17},"end":{"line":462,"column":18}},"loc":{"start":{"line":462,"column":37},"end":{"line":487,"column":1}},"line":462},"22":{"name":"(anonymous_22)","decl":{"start":{"line":489,"column":19},"end":{"line":489,"column":20}},"loc":{"start":{"line":489,"column":34},"end":{"line":491,"column":1}},"line":489},"23":{"name":"closeMongoConnection","decl":{"start":{"line":493,"column":15},"end":{"line":493,"column":35}},"loc":{"start":{"line":493,"column":38},"end":{"line":500,"column":1}},"line":493},"24":{"name":"closeMongooseConnection","decl":{"start":{"line":502,"column":15},"end":{"line":502,"column":38}},"loc":{"start":{"line":502,"column":41},"end":{"line":506,"column":1}},"line":502},"25":{"name":"shutdown","decl":{"start":{"line":508,"column":15},"end":{"line":508,"column":23}},"loc":{"start":{"line":508,"column":32},"end":{"line":517,"column":1}},"line":508},"26":{"name":"(anonymous_26)","decl":{"start":{"line":519,"column":21},"end":{"line":519,"column":22}},"loc":{"start":{"line":519,"column":27},"end":{"line":521,"column":1}},"line":519},"27":{"name":"(anonymous_27)","decl":{"start":{"line":523,"column":22},"end":{"line":523,"column":23}},"loc":{"start":{"line":523,"column":28},"end":{"line":525,"column":1}},"line":523},"28":{"name":"initializeOptionalServices","decl":{"start":{"line":527,"column":15},"end":{"line":527,"column":41}},"loc":{"start":{"line":527,"column":44},"end":{"line":534,"column":1}},"line":527},"29":{"name":"(anonymous_29)","decl":{"start":{"line":537,"column":18},"end":{"line":537,"column":19}},"loc":{"start":{"line":537,"column":24},"end":{"line":540,"column":2}},"line":537}},"branchMap":{"0":{"loc":{"start":{"line":17,"column":13},"end":{"line":17,"column":45}},"type":"binary-expr","locations":[{"start":{"line":17,"column":13},"end":{"line":17,"column":37}},{"start":{"line":17,"column":41},"end":{"line":17,"column":45}}],"line":17},"1":{"loc":{"start":{"line":24,"column":28},"end":{"line":24,"column":74}},"type":"binary-expr","locations":[{"start":{"line":24,"column":28},"end":{"line":24,"column":59}},{"start":{"line":24,"column":63},"end":{"line":24,"column":74}}],"line":24},"2":{"loc":{"start":{"line":35,"column":1},"end":{"line":37,"column":2}},"type":"if","locations":[{"start":{"line":35,"column":1},"end":{"line":37,"column":2}},{"start":{},"end":{}}],"line":35},"3":{"loc":{"start":{"line":43,"column":1},"end":{"line":45,"column":2}},"type":"if","locations":[{"start":{"line":43,"column":1},"end":{"line":45,"column":2}},{"start":{},"end":{}}],"line":43},"4":{"loc":{"start":{"line":63,"column":1},"end":{"line":65,"column":2}},"type":"if","locations":[{"start":{"line":63,"column":1},"end":{"line":65,"column":2}},{"start":{},"end":{}}],"line":63},"5":{"loc":{"start":{"line":73,"column":1},"end":{"line":75,"column":2}},"type":"if","locations":[{"start":{"line":73,"column":1},"end":{"line":75,"column":2}},{"start":{},"end":{}}],"line":73},"6":{"loc":{"start":{"line":95,"column":1},"end":{"line":98,"column":2}},"type":"if","locations":[{"start":{"line":95,"column":1},"end":{"line":98,"column":2}},{"start":{},"end":{}}],"line":95},"7":{"loc":{"start":{"line":103,"column":1},"end":{"line":105,"column":2}},"type":"if","locations":[{"start":{"line":103,"column":1},"end":{"line":105,"column":2}},{"start":{},"end":{}}],"line":103},"8":{"loc":{"start":{"line":140,"column":1},"end":{"line":142,"column":2}},"type":"if","locations":[{"start":{"line":140,"column":1},"end":{"line":142,"column":2}},{"start":{},"end":{}}],"line":140},"9":{"loc":{"start":{"line":144,"column":1},"end":{"line":146,"column":2}},"type":"if","locations":[{"start":{"line":144,"column":1},"end":{"line":146,"column":2}},{"start":{},"end":{}}],"line":144},"10":{"loc":{"start":{"line":156,"column":2},"end":{"line":158,"column":3}},"type":"if","locations":[{"start":{"line":156,"column":2},"end":{"line":158,"column":3}},{"start":{},"end":{}}],"line":156},"11":{"loc":{"start":{"line":165,"column":1},"end":{"line":167,"column":2}},"type":"if","locations":[{"start":{"line":165,"column":1},"end":{"line":167,"column":2}},{"start":{},"end":{}}],"line":165},"12":{"loc":{"start":{"line":169,"column":1},"end":{"line":184,"column":2}},"type":"if","locations":[{"start":{"line":169,"column":1},"end":{"line":184,"column":2}},{"start":{},"end":{}}],"line":169},"13":{"loc":{"start":{"line":172,"column":4},"end":{"line":174,"column":5}},"type":"if","locations":[{"start":{"line":172,"column":4},"end":{"line":174,"column":5}},{"start":{},"end":{}}],"line":172},"14":{"loc":{"start":{"line":176,"column":4},"end":{"line":178,"column":5}},"type":"if","locations":[{"start":{"line":176,"column":4},"end":{"line":178,"column":5}},{"start":{},"end":{}}],"line":176},"15":{"loc":{"start":{"line":193,"column":2},"end":{"line":195,"column":3}},"type":"if","locations":[{"start":{"line":193,"column":2},"end":{"line":195,"column":3}},{"start":{},"end":{}}],"line":193},"16":{"loc":{"start":{"line":193,"column":6},"end":{"line":193,"column":54}},"type":"binary-expr","locations":[{"start":{"line":193,"column":6},"end":{"line":193,"column":35}},{"start":{"line":193,"column":39},"end":{"line":193,"column":54}}],"line":193},"17":{"loc":{"start":{"line":197,"column":2},"end":{"line":199,"column":3}},"type":"if","locations":[{"start":{"line":197,"column":2},"end":{"line":199,"column":3}},{"start":{},"end":{}}],"line":197},"18":{"loc":{"start":{"line":197,"column":6},"end":{"line":197,"column":60}},"type":"binary-expr","locations":[{"start":{"line":197,"column":6},"end":{"line":197,"column":38}},{"start":{"line":197,"column":42},"end":{"line":197,"column":60}}],"line":197},"19":{"loc":{"start":{"line":241,"column":1},"end":{"line":244,"column":2}},"type":"if","locations":[{"start":{"line":241,"column":1},"end":{"line":244,"column":2}},{"start":{},"end":{}}],"line":241},"20":{"loc":{"start":{"line":249,"column":1},"end":{"line":251,"column":2}},"type":"if","locations":[{"start":{"line":249,"column":1},"end":{"line":251,"column":2}},{"start":{},"end":{}}],"line":249},"21":{"loc":{"start":{"line":423,"column":2},"end":{"line":427,"column":3}},"type":"if","locations":[{"start":{"line":423,"column":2},"end":{"line":427,"column":3}},{"start":{},"end":{}}],"line":423},"22":{"loc":{"start":{"line":423,"column":6},"end":{"line":423,"column":23}},"type":"binary-expr","locations":[{"start":{"line":423,"column":6},"end":{"line":423,"column":11}},{"start":{"line":423,"column":15},"end":{"line":423,"column":23}}],"line":423},"23":{"loc":{"start":{"line":465,"column":1},"end":{"line":469,"column":2}},"type":"if","locations":[{"start":{"line":465,"column":1},"end":{"line":469,"column":2}},{"start":{},"end":{}}],"line":465},"24":{"loc":{"start":{"line":494,"column":1},"end":{"line":499,"column":2}},"type":"if","locations":[{"start":{"line":494,"column":1},"end":{"line":499,"column":2}},{"start":{},"end":{}}],"line":494},"25":{"loc":{"start":{"line":503,"column":1},"end":{"line":505,"column":2}},"type":"if","locations":[{"start":{"line":503,"column":1},"end":{"line":505,"column":2}},{"start":{},"end":{}}],"line":503},"26":{"loc":{"start":{"line":536,"column":0},"end":{"line":541,"column":1}},"type":"if","locations":[{"start":{"line":536,"column":0},"end":{"line":541,"column":1}},{"start":{},"end":{}}],"line":536}},"s":{"0":8,"1":8,"2":8,"3":8,"4":8,"5":8,"6":8,"7":8,"8":8,"9":8,"10":8,"11":8,"12":8,"13":8,"14":8,"15":8,"16":8,"17":8,"18":8,"19":8,"20":8,"21":8,"22":15,"23":0,"24":7,"25":7,"26":4,"27":3,"28":3,"29":3,"30":2,"31":2,"32":1,"33":1,"34":1,"35":1,"36":3,"37":3,"38":0,"39":3,"40":7,"41":0,"42":7,"43":3,"44":3,"45":3,"46":1,"47":1,"48":2,"49":2,"50":2,"51":0,"52":2,"53":2,"54":2,"55":2,"56":0,"57":0,"58":0,"59":0,"60":0,"61":0,"62":0,"63":0,"64":0,"65":0,"66":0,"67":0,"68":0,"69":0,"70":0,"71":0,"72":0,"73":0,"74":0,"75":0,"76":0,"77":2,"78":2,"79":2,"80":2,"81":0,"82":0,"83":0,"84":2,"85":2,"86":2,"87":2,"88":2,"89":2,"90":0,"91":0,"92":2,"93":2,"94":2,"95":1,"96":1,"97":8,"98":2,"99":8,"100":3,"101":3,"102":2,"103":2,"104":2,"105":1,"106":8,"107":1,"108":1,"109":1,"110":1,"111":1,"112":1,"113":1,"114":1,"115":0,"116":0,"117":8,"118":1,"119":1,"120":1,"121":1,"122":1,"123":1,"124":1,"125":1,"126":0,"127":0,"128":8,"129":1,"130":1,"131":1,"132":1,"133":1,"134":1,"135":1,"136":1,"137":0,"138":0,"139":8,"140":1,"141":1,"142":1,"143":1,"144":1,"145":1,"146":0,"147":0,"148":8,"149":3,"150":3,"151":3,"152":3,"153":1,"154":2,"155":1,"156":1,"157":1,"158":8,"159":1,"160":1,"161":1,"162":1,"163":0,"164":8,"165":5,"166":5,"167":2,"168":3,"169":3,"170":2,"171":2,"172":1,"173":2,"174":2,"175":8,"176":2,"177":0,"178":0,"179":0,"180":0,"181":0,"182":0,"183":0,"184":0,"185":0,"186":0,"187":0,"188":0,"189":8,"190":0,"191":8,"192":0,"193":0,"194":0,"195":0,"196":0,"197":8,"198":0,"199":0,"200":0,"201":8},"f":{"0":15,"1":7,"2":3,"3":7,"4":3,"5":2,"6":0,"7":0,"8":0,"9":0,"10":2,"11":2,"12":2,"13":3,"14":1,"15":1,"16":1,"17":1,"18":1,"19":3,"20":1,"21":5,"22":2,"23":0,"24":0,"25":0,"26":0,"27":0,"28":0,"29":0},"b":{"0":[8,8],"1":[8,8],"2":[0,15],"3":[4,3],"4":[0,3],"5":[0,7],"6":[1,2],"7":[0,2],"8":[0,0],"9":[0,0],"10":[0,0],"11":[0,0],"12":[0,0],"13":[0,0],"14":[0,0],"15":[2,0],"16":[2,2],"17":[0,0],"18":[0,0],"19":[0,2],"20":[1,1],"21":[1,2],"22":[3,2],"23":[2,3],"24":[0,0],"25":[0,0],"26":[0,8]},"_coverageSchema":"1a1c01bbd47fc00a2c39e90264f33305004495a9","hash":"c123c9cfce67e1a8a2ff7f4c4f9e773f66c3a6d5"}
,"C:\\msys64\\home\\Bhanuja Sharma\\fintech finallllllllllllllllllllll\\fintech\\server\\models\\TestData.js": {"path":"C:\\msys64\\home\\Bhanuja Sharma\\fintech finallllllllllllllllllllll\\fintech\\server\\models\\TestData.js","statementMap":{"0":{"start":{"line":1,"column":17},"end":{"line":1,"column":36}},"1":{"start":{"line":3,"column":23},"end":{"line":19,"column":1}},"2":{"start":{"line":21,"column":0},"end":{"line":21,"column":88}}},"fnMap":{},"branchMap":{"0":{"loc":{"start":{"line":21,"column":17},"end":{"line":21,"column":87}},"type":"binary-expr","locations":[{"start":{"line":21,"column":17},"end":{"line":21,"column":41}},{"start":{"line":21,"column":45},"end":{"line":21,"column":87}}],"line":21}},"s":{"0":3,"1":3,"2":3},"f":{},"b":{"0":[3,3]},"_coverageSchema":"1a1c01bbd47fc00a2c39e90264f33305004495a9","hash":"fd475d227daea614a5592bdb1487de0fc364d403"}
}
