TN:
SF:ragServer.js
FN:34,ensureEnv
FN:40,connectToMongo
FN:60,ensureMongooseConnection
FN:72,getCollection
FN:80,getEmbedding
FN:110,vectorSearch
FN:139,stringifyContextValue
FN:151,extractContextText
FN:164,normalizeLlmContent
FN:171,(anonymous_9)
FN:189,generateAnswer
FN:192,(anonymous_11)
FN:258,(anonymous_12)
FN:264,(anonymous_13)
FN:282,(anonymous_14)
FN:310,(anonymous_15)
FN:364,(anonymous_16)
FN:372,(anonymous_17)
FN:392,(anonymous_18)
FN:418,(anonymous_19)
FN:445,(anonymous_20)
FN:462,(anonymous_21)
FN:489,(anonymous_22)
FN:493,closeMongoConnection
FN:502,closeMongooseConnection
FN:508,shutdown
FN:519,(anonymous_26)
FN:523,(anonymous_27)
FN:527,initializeOptionalServices
FN:537,(anonymous_29)
FNF:30
FNH:19
FNDA:15,ensureEnv
FNDA:7,connectToMongo
FNDA:3,ensureMongooseConnection
FNDA:7,getCollection
FNDA:3,getEmbedding
FNDA:2,vectorSearch
FNDA:0,stringifyContextValue
FNDA:0,extractContextText
FNDA:0,normalizeLlmContent
FNDA:0,(anonymous_9)
FNDA:2,generateAnswer
FNDA:2,(anonymous_11)
FNDA:2,(anonymous_12)
FNDA:3,(anonymous_13)
FNDA:1,(anonymous_14)
FNDA:1,(anonymous_15)
FNDA:1,(anonymous_16)
FNDA:1,(anonymous_17)
FNDA:1,(anonymous_18)
FNDA:3,(anonymous_19)
FNDA:1,(anonymous_20)
FNDA:5,(anonymous_21)
FNDA:2,(anonymous_22)
FNDA:0,closeMongoConnection
FNDA:0,closeMongooseConnection
FNDA:0,shutdown
FNDA:0,(anonymous_26)
FNDA:0,(anonymous_27)
FNDA:0,initializeOptionalServices
FNDA:0,(anonymous_29)
DA:1,8
DA:2,8
DA:3,8
DA:4,8
DA:5,8
DA:6,8
DA:7,8
DA:9,8
DA:10,8
DA:12,8
DA:14,8
DA:15,8
DA:17,8
DA:18,8
DA:20,8
DA:21,8
DA:22,8
DA:23,8
DA:24,8
DA:26,8
DA:27,8
DA:29,8
DA:35,15
DA:36,0
DA:41,7
DA:43,7
DA:44,4
DA:47,3
DA:48,3
DA:49,3
DA:50,2
DA:51,2
DA:53,1
DA:54,1
DA:55,1
DA:56,1
DA:61,3
DA:63,3
DA:64,0
DA:67,3
DA:73,7
DA:74,0
DA:77,7
DA:81,3
DA:83,3
DA:95,3
DA:96,1
DA:97,1
DA:100,2
DA:101,2
DA:103,2
DA:104,0
DA:107,2
DA:111,2
DA:113,2
DA:136,2
DA:140,0
DA:141,0
DA:144,0
DA:145,0
DA:148,0
DA:152,0
DA:154,0
DA:155,0
DA:156,0
DA:157,0
DA:161,0
DA:165,0
DA:166,0
DA:169,0
DA:170,0
DA:172,0
DA:173,0
DA:176,0
DA:177,0
DA:180,0
DA:186,0
DA:190,2
DA:192,2
DA:193,2
DA:194,2
DA:197,0
DA:198,0
DA:201,0
DA:204,2
DA:206,2
DA:207,2
DA:209,2
DA:224,2
DA:241,2
DA:242,0
DA:243,0
DA:246,2
DA:247,2
DA:249,2
DA:250,1
DA:253,1
DA:258,8
DA:259,2
DA:264,8
DA:265,3
DA:266,3
DA:267,2
DA:268,2
DA:270,2
DA:274,1
DA:282,8
DA:283,1
DA:284,1
DA:285,1
DA:286,1
DA:288,1
DA:289,1
DA:290,1
DA:292,1
DA:300,0
DA:301,0
DA:310,8
DA:311,1
DA:312,1
DA:313,1
DA:315,1
DA:342,1
DA:344,1
DA:345,1
DA:347,1
DA:354,0
DA:355,0
DA:364,8
DA:365,1
DA:366,1
DA:367,1
DA:369,1
DA:371,1
DA:372,1
DA:373,1
DA:376,1
DA:382,0
DA:383,0
DA:392,8
DA:393,1
DA:394,1
DA:395,1
DA:397,1
DA:399,1
DA:401,1
DA:407,0
DA:408,0
DA:418,8
DA:419,3
DA:420,3
DA:421,3
DA:423,3
DA:424,1
DA:429,2
DA:430,1
DA:432,1
DA:438,1
DA:445,8
DA:446,1
DA:447,1
DA:448,1
DA:450,1
DA:455,0
DA:462,8
DA:463,5
DA:465,5
DA:466,2
DA:471,3
DA:472,3
DA:473,2
DA:474,2
DA:476,1
DA:480,2
DA:482,2
DA:489,8
DA:490,2
DA:494,0
DA:495,0
DA:496,0
DA:497,0
DA:498,0
DA:503,0
DA:504,0
DA:509,0
DA:511,0
DA:512,0
DA:513,0
DA:515,0
DA:519,8
DA:520,0
DA:523,8
DA:524,0
DA:528,0
DA:529,0
DA:531,0
DA:532,0
DA:536,8
DA:537,0
DA:538,0
DA:539,0
DA:543,8
LF:202
LH:142
BRDA:17,0,0,8
BRDA:17,0,1,8
BRDA:24,1,0,8
BRDA:24,1,1,8
BRDA:35,2,0,0
BRDA:35,2,1,15
BRDA:43,3,0,4
BRDA:43,3,1,3
BRDA:63,4,0,0
BRDA:63,4,1,3
BRDA:73,5,0,0
BRDA:73,5,1,7
BRDA:95,6,0,1
BRDA:95,6,1,2
BRDA:103,7,0,0
BRDA:103,7,1,2
BRDA:140,8,0,0
BRDA:140,8,1,0
BRDA:144,9,0,0
BRDA:144,9,1,0
BRDA:156,10,0,0
BRDA:156,10,1,0
BRDA:165,11,0,0
BRDA:165,11,1,0
BRDA:169,12,0,0
BRDA:169,12,1,0
BRDA:172,13,0,0
BRDA:172,13,1,0
BRDA:176,14,0,0
BRDA:176,14,1,0
BRDA:193,15,0,2
BRDA:193,15,1,0
BRDA:193,16,0,2
BRDA:193,16,1,2
BRDA:197,17,0,0
BRDA:197,17,1,0
BRDA:197,18,0,0
BRDA:197,18,1,0
BRDA:241,19,0,0
BRDA:241,19,1,2
BRDA:249,20,0,1
BRDA:249,20,1,1
BRDA:423,21,0,1
BRDA:423,21,1,2
BRDA:423,22,0,3
BRDA:423,22,1,2
BRDA:465,23,0,2
BRDA:465,23,1,3
BRDA:494,24,0,0
BRDA:494,24,1,0
BRDA:503,25,0,0
BRDA:503,25,1,0
BRDA:536,26,0,0
BRDA:536,26,1,8
BRF:54
BRH:25
end_of_record
TN:
SF:models\TestData.js
FNF:0
FNH:0
DA:1,3
DA:3,3
DA:21,3
LF:3
LH:3
BRDA:21,0,0,3
BRDA:21,0,1,3
BRF:2
BRH:2
end_of_record
